=== [실행 중인 server.js] ===
/Users/seoinjeong/Library/Mobile Documents/com~apple~CloudDocs/0. 프로젝트/ADMore/backend/server.js
MongoDB 연결 시도 중...
연결 URI: mongodb://localhost:27017/admore
허용된 CORS 도메인: [
  'http://localhost:3000',
  'https://admore-frontend.cloudtype.app',
  'https://web-admore-react-frontend-me83wyv0a5a64d5a.sel5.cloudtype.app'
]
서버가 포트 5001에서 실행 중입니다.
API 문서: http://localhost:5001
WebSocket 서버가 활성화되었습니다.
✅ MongoDB 연결 성공!
데이터베이스: admore
호스트: localhost
포트: 27017
MongoDB 연결 완료, 서버 시작 중...
Auth 미들웨어 - 요청 헤더: Bearer temp_token_1755595189037
Auth 미들웨어 - 추출된 토큰: temp_token_175559518...
Auth 미들웨어 - 임시 토큰 감지, 기본 사용자 정보 설정
Auth 미들웨어 - 요청 헤더: Bearer temp_token_1755595189037
Auth 미들웨어 - 추출된 토큰: temp_token_175559518...
Auth 미들웨어 - 임시 토큰 감지, 기본 사용자 정보 설정
Auth 미들웨어 - 요청 헤더: Bearer temp_token_1755595189037
Auth 미들웨어 - 추출된 토큰: temp_token_175559518...
Auth 미들웨어 - 임시 토큰 감지, 기본 사용자 정보 설정
Auth 미들웨어 - 요청 헤더: Bearer temp_token_1755595189037
Auth 미들웨어 - 추출된 토큰: temp_token_175559518...
Auth 미들웨어 - 임시 토큰 감지, 기본 사용자 정보 설정
Auth 미들웨어 - 요청 헤더: Bearer temp_token_1755595189037
Auth 미들웨어 - 추출된 토큰: temp_token_175559518...
Auth 미들웨어 - 임시 토큰 감지, 기본 사용자 정보 설정
Auth 미들웨어 - 요청 헤더: Bearer temp_token_1755595189037
Auth 미들웨어 - 추출된 토큰: temp_token_175559518...
Auth 미들웨어 - 임시 토큰 감지, 기본 사용자 정보 설정
Auth 미들웨어 - 요청 헤더: Bearer temp_token_1755595189037
Auth 미들웨어 - 추출된 토큰: temp_token_175559518...
Auth 미들웨어 - 임시 토큰 감지, 기본 사용자 정보 설정
Auth 미들웨어 - 요청 헤더: Bearer temp_token_1755595189037
Auth 미들웨어 - 추출된 토큰: temp_token_175559518...
Auth 미들웨어 - 임시 토큰 감지, 기본 사용자 정보 설정
Auth 미들웨어 - 요청 헤더: Bearer temp_token_1755595189037
Auth 미들웨어 - 추출된 토큰: temp_token_175559518...
Auth 미들웨어 - 임시 토큰 감지, 기본 사용자 정보 설정
Auth 미들웨어 - 요청 헤더: Bearer temp_token_1755595189037
Auth 미들웨어 - 추출된 토큰: temp_token_175559518...
Auth 미들웨어 - 임시 토큰 감지, 기본 사용자 정보 설정
받은 주문 데이터: {
  productId: '689daa446c35310e137e112d',
  product: '인스타그램 관리해드려요',
  price: 5000,
  originalPrice: 5000,
  discountPrice: 0,
  quantity: 1,
  paymentMethod: 'card',
  request: 'ㄴㅇㄹㄴㅇㄹㅁㄴㅇㄹㅁㄴㅇㄹ',
  detail: '인스타그램 조회수, 구독자, seo 관리 해드립니다.',
  userName: '고객',
  userEmail: 'namare@kakao.com',
  userInfo: { name: '고객', email: 'namare@kakao.com', phone: '' }
}
Auth 미들웨어 - 요청 헤더: Bearer temp_token_1755595189037
Auth 미들웨어 - 추출된 토큰: temp_token_175559518...
Auth 미들웨어 - 임시 토큰 감지, 기본 사용자 정보 설정
Auth 미들웨어 - 요청 헤더: Bearer temp_token_1755595189037
Auth 미들웨어 - 추출된 토큰: temp_token_175559518...
Auth 미들웨어 - 임시 토큰 감지, 기본 사용자 정보 설정
